<?xml version="1.0" encoding="UTF-8"?>
<coverage generated="1624867403055" clover="3.2.0">
  <project timestamp="1624867403056" name="All files">
    <metrics statements="18" coveredstatements="18" conditionals="4" coveredconditionals="3" methods="7" coveredmethods="7" elements="29" coveredelements="28" complexity="0" loc="18" ncloc="18" packages="1" files="2" classes="2"/>
    <file name="func.js" path="C:\Users\MyPC\Desktop\CA\JS\Marius\Unit Test\unitTest\functions\func.js">
      <metrics statements="9" coveredstatements="9" conditionals="4" coveredconditionals="3" methods="4" coveredmethods="4"/>
      <line num="2" count="2" type="stmt"/>
      <line num="4" count="2" type="stmt"/>
      <line num="8" count="4" type="cond" truecount="2" falsecount="0"/>
      <line num="9" count="1" type="stmt"/>
      <line num="13" count="2" type="stmt"/>
      <line num="17" count="2" type="stmt"/>
      <line num="18" count="2" type="stmt"/>
      <line num="19" count="2" type="cond" truecount="1" falsecount="1"/>
      <line num="22" count="1" type="stmt"/>
    </file>
    <file name="reference.js" path="C:\Users\MyPC\Desktop\CA\JS\Marius\Unit Test\unitTest\functions\reference.js">
      <metrics statements="9" coveredstatements="9" conditionals="0" coveredconditionals="0" methods="3" coveredmethods="3"/>
      <line num="1" count="1" type="stmt"/>
      <line num="2" count="1" type="stmt"/>
      <line num="3" count="1" type="stmt"/>
      <line num="4" count="1" type="stmt"/>
      <line num="7" count="1" type="stmt"/>
      <line num="8" count="1" type="stmt"/>
      <line num="11" count="1" type="stmt"/>
      <line num="12" count="1" type="stmt"/>
      <line num="15" count="1" type="stmt"/>
    </file>
  </project>
</coverage>
