{"C:\\Users\\MyPC\\Desktop\\CA\\JS\\Marius\\Unit Test\\unitTest\\functions\\func.js": {"path":"C:\\Users\\MyPC\\Desktop\\CA\\JS\\Marius\\Unit Test\\unitTest\\functions\\func.js","statementMap":{"0":{"start":{"line":2,"column":14},"end":{"line":2,"column":25}},"1":{"start":{"line":4,"column":2},"end":{"line":4,"column":13}},"2":{"start":{"line":8,"column":2},"end":{"line":8,"column":28}},"3":{"start":{"line":8,"column":16},"end":{"line":8,"column":28}},"4":{"start":{"line":9,"column":2},"end":{"line":9,"column":17}},"5":{"start":{"line":12,"column":0},"end":{"line":12,"column":24}},"6":{"start":{"line":14,"column":0},"end":{"line":17,"column":2}}},"fnMap":{"0":{"name":"add","decl":{"start":{"line":1,"column":9},"end":{"line":1,"column":12}},"loc":{"start":{"line":1,"column":25},"end":{"line":5,"column":1}},"line":1},"1":{"name":"divide","decl":{"start":{"line":7,"column":9},"end":{"line":7,"column":15}},"loc":{"start":{"line":7,"column":24},"end":{"line":10,"column":1}},"line":7}},"branchMap":{"0":{"loc":{"start":{"line":8,"column":2},"end":{"line":8,"column":28}},"type":"if","locations":[{"start":{"line":8,"column":2},"end":{"line":8,"column":28}},{"start":{"line":8,"column":2},"end":{"line":8,"column":28}}],"line":8}},"s":{"0":3,"1":3,"2":4,"3":3,"4":1,"5":1,"6":1},"f":{"0":3,"1":4},"b":{"0":[3,1]},"_coverageSchema":"1a1c01bbd47fc00a2c39e90264f33305004495a9","hash":"2f2daf4486c04a00913b8343e404ce4d0e4247aa"}
,"C:\\Users\\MyPC\\Desktop\\CA\\JS\\Marius\\Unit Test\\unitTest\\functions\\reference.js": {"path":"C:\\Users\\MyPC\\Desktop\\CA\\JS\\Marius\\Unit Test\\unitTest\\functions\\reference.js","statementMap":{"0":{"start":{"line":1,"column":19},"end":{"line":5,"column":1}},"1":{"start":{"line":2,"column":15},"end":{"line":2,"column":30}},"2":{"start":{"line":3,"column":2},"end":{"line":3,"column":29}},"3":{"start":{"line":4,"column":2},"end":{"line":4,"column":14}},"4":{"start":{"line":7,"column":16},"end":{"line":9,"column":1}},"5":{"start":{"line":8,"column":2},"end":{"line":8,"column":18}},"6":{"start":{"line":11,"column":22},"end":{"line":13,"column":1}},"7":{"start":{"line":12,"column":2},"end":{"line":12,"column":27}},"8":{"start":{"line":15,"column":0},"end":{"line":15,"column":56}}},"fnMap":{"0":{"name":"(anonymous_0)","decl":{"start":{"line":1,"column":19},"end":{"line":1,"column":20}},"loc":{"start":{"line":1,"column":25},"end":{"line":5,"column":1}},"line":1},"1":{"name":"(anonymous_1)","decl":{"start":{"line":7,"column":16},"end":{"line":7,"column":17}},"loc":{"start":{"line":7,"column":25},"end":{"line":9,"column":1}},"line":7},"2":{"name":"(anonymous_2)","decl":{"start":{"line":11,"column":22},"end":{"line":11,"column":23}},"loc":{"start":{"line":11,"column":36},"end":{"line":13,"column":1}},"line":11}},"branchMap":{},"s":{"0":1,"1":1,"2":1,"3":1,"4":1,"5":1,"6":1,"7":1,"8":1},"f":{"0":1,"1":1,"2":1},"b":{},"_coverageSchema":"1a1c01bbd47fc00a2c39e90264f33305004495a9","hash":"216f17e06428bcca5c22b8c4dcbd073e347ca093"}
}
