{"C:\\Users\\MyPC\\Desktop\\CA\\JS\\Marius\\Unit Test\\unitTest\\functions\\func.js": {"path":"C:\\Users\\MyPC\\Desktop\\CA\\JS\\Marius\\Unit Test\\unitTest\\functions\\func.js","statementMap":{"0":{"start":{"line":2,"column":14},"end":{"line":2,"column":25}},"1":{"start":{"line":4,"column":2},"end":{"line":4,"column":13}},"2":{"start":{"line":8,"column":2},"end":{"line":8,"column":28}},"3":{"start":{"line":8,"column":16},"end":{"line":8,"column":28}},"4":{"start":{"line":9,"column":2},"end":{"line":9,"column":17}},"5":{"start":{"line":13,"column":2},"end":{"line":13,"column":13}},"6":{"start":{"line":17,"column":17},"end":{"line":17,"column":20}},"7":{"start":{"line":18,"column":16},"end":{"line":18,"column":19}},"8":{"start":{"line":19,"column":2},"end":{"line":19,"column":45}},"9":{"start":{"line":22,"column":0},"end":{"line":27,"column":2}}},"fnMap":{"0":{"name":"add","decl":{"start":{"line":1,"column":9},"end":{"line":1,"column":12}},"loc":{"start":{"line":1,"column":25},"end":{"line":5,"column":1}},"line":1},"1":{"name":"divide","decl":{"start":{"line":7,"column":9},"end":{"line":7,"column":15}},"loc":{"start":{"line":7,"column":24},"end":{"line":10,"column":1}},"line":7},"2":{"name":"showValue","decl":{"start":{"line":12,"column":9},"end":{"line":12,"column":18}},"loc":{"start":{"line":12,"column":24},"end":{"line":14,"column":1}},"line":12},"3":{"name":"notMoreThan","decl":{"start":{"line":16,"column":9},"end":{"line":16,"column":20}},"loc":{"start":{"line":16,"column":26},"end":{"line":20,"column":1}},"line":16}},"branchMap":{"0":{"loc":{"start":{"line":8,"column":2},"end":{"line":8,"column":28}},"type":"if","locations":[{"start":{"line":8,"column":2},"end":{"line":8,"column":28}},{"start":{"line":8,"column":2},"end":{"line":8,"column":28}}],"line":8},"1":{"loc":{"start":{"line":19,"column":9},"end":{"line":19,"column":44}},"type":"cond-expr","locations":[{"start":{"line":19,"column":32},"end":{"line":19,"column":36}},{"start":{"line":19,"column":39},"end":{"line":19,"column":44}}],"line":19}},"s":{"0":2,"1":2,"2":4,"3":3,"4":1,"5":2,"6":2,"7":2,"8":2,"9":1},"f":{"0":2,"1":4,"2":2,"3":2},"b":{"0":[3,1],"1":[2,0]},"_coverageSchema":"1a1c01bbd47fc00a2c39e90264f33305004495a9","hash":"e7df08893ea197924484db976b1458c662ea7689"}
,"C:\\Users\\MyPC\\Desktop\\CA\\JS\\Marius\\Unit Test\\unitTest\\functions\\reference.js": {"path":"C:\\Users\\MyPC\\Desktop\\CA\\JS\\Marius\\Unit Test\\unitTest\\functions\\reference.js","statementMap":{"0":{"start":{"line":1,"column":19},"end":{"line":5,"column":1}},"1":{"start":{"line":2,"column":15},"end":{"line":2,"column":30}},"2":{"start":{"line":3,"column":2},"end":{"line":3,"column":29}},"3":{"start":{"line":4,"column":2},"end":{"line":4,"column":14}},"4":{"start":{"line":7,"column":16},"end":{"line":9,"column":1}},"5":{"start":{"line":8,"column":2},"end":{"line":8,"column":18}},"6":{"start":{"line":11,"column":22},"end":{"line":13,"column":1}},"7":{"start":{"line":12,"column":2},"end":{"line":12,"column":27}},"8":{"start":{"line":15,"column":0},"end":{"line":15,"column":56}}},"fnMap":{"0":{"name":"(anonymous_0)","decl":{"start":{"line":1,"column":19},"end":{"line":1,"column":20}},"loc":{"start":{"line":1,"column":25},"end":{"line":5,"column":1}},"line":1},"1":{"name":"(anonymous_1)","decl":{"start":{"line":7,"column":16},"end":{"line":7,"column":17}},"loc":{"start":{"line":7,"column":25},"end":{"line":9,"column":1}},"line":7},"2":{"name":"(anonymous_2)","decl":{"start":{"line":11,"column":22},"end":{"line":11,"column":23}},"loc":{"start":{"line":11,"column":36},"end":{"line":13,"column":1}},"line":11}},"branchMap":{},"s":{"0":1,"1":1,"2":1,"3":1,"4":1,"5":1,"6":1,"7":1,"8":1},"f":{"0":1,"1":1,"2":1},"b":{},"_coverageSchema":"1a1c01bbd47fc00a2c39e90264f33305004495a9","hash":"216f17e06428bcca5c22b8c4dcbd073e347ca093"}
}
