TN:
SF:functions\func.js
FN:1,add
FN:7,divide
FN:12,showValue
FN:16,notMoreThan
FNF:4
FNH:4
FNDA:2,add
FNDA:4,divide
FNDA:2,showValue
FNDA:2,notMoreThan
DA:2,2
DA:4,2
DA:8,4
DA:9,1
DA:13,2
DA:17,2
DA:18,2
DA:19,2
DA:22,1
LF:9
LH:9
BRDA:8,0,0,3
BRDA:8,0,1,1
BRDA:19,1,0,2
BRDA:19,1,1,0
BRF:4
BRH:3
end_of_record
TN:
SF:functions\reference.js
FN:1,(anonymous_0)
FN:7,(anonymous_1)
FN:11,(anonymous_2)
FNF:3
FNH:3
FNDA:1,(anonymous_0)
FNDA:1,(anonymous_1)
FNDA:1,(anonymous_2)
DA:1,1
DA:2,1
DA:3,1
DA:4,1
DA:7,1
DA:8,1
DA:11,1
DA:12,1
DA:15,1
LF:9
LH:9
BRF:0
BRH:0
end_of_record
